<?xml version="1.0" encoding="UTF-8"?>
<!-- Generated by org.testng.reporters.JUnitReportReporter -->
<testsuite hostname="DESKTOP-A4KKHDE" failures="0" tests="3" name="runner.TestRunner" time="69.978" errors="0" timestamp="2026-02-19T21:53:15 IST" skipped="0">
  <testcase classname="runner.TestRunner" name="runScenario" time="22.656"/>
  <testcase classname="runner.TestRunner" name="runScenario" time="33.173"/>
  <testcase classname="runner.TestRunner" name="runScenario" time="14.149"/>
</testsuite> <!-- runner.TestRunner -->
