<?xml version="1.0" encoding="UTF-8"?>
<!-- Generated by org.testng.reporters.JUnitReportReporter -->
<testsuite hostname="DESKTOP-A4KKHDE" failures="0" tests="3" name="runner.RunnerClass" time="35.545" errors="0" timestamp="2026-02-19T19:53:04 IST" skipped="0">
  <testcase classname="runner.RunnerClass" name="runScenario" time="11.992"/>
  <testcase classname="runner.RunnerClass" name="runScenario" time="12.994"/>
  <testcase classname="runner.RunnerClass" name="runScenario" time="10.559"/>
</testsuite> <!-- runner.RunnerClass -->
