<?xml version="1.0" encoding="UTF-8"?>
<!-- Generated by org.testng.reporters.JUnitReportReporter -->
<testsuite hostname="DESKTOP-A4KKHDE" failures="0" tests="3" name="runner.TestRunner" time="15.914" errors="0" timestamp="2026-02-19T22:07:31 IST" skipped="0">
  <testcase classname="runner.TestRunner" name="runScenario" time="6.728"/>
  <testcase classname="runner.TestRunner" name="runScenario" time="5.068"/>
  <testcase classname="runner.TestRunner" name="runScenario" time="4.118"/>
</testsuite> <!-- runner.TestRunner -->
